This is XeTeX, Version 3.14159265-2.6-0.999992 (MiKTeX 20.7) (preloaded format=xelatex 2021.10.5)  6 OCT 2021 10:35
entering extended mode
**./cursoLongitudinal-bookdown.tex
(cursoLongitudinal-bookdown.tex
LaTeX2e <2020-02-02> patch level 5
L3 programming layer <2020-09-03> ("C:\Users\jrgonzalez\AppData\Local\Programs\
MiKTeX 2.9\tex/latex/base\book.cls"
Document Class: book 2019/12/20 v1.4l Standard LaTeX document class
("C:\Users\jrgonzalez\AppData\Local\Programs\MiKTeX 2.9\tex/latex/base\bk10.clo
"
File: bk10.clo 2019/12/20 v1.4l Standard LaTeX file (size option)
)
\c@part=\count164
\c@chapter=\count165
\c@section=\count166
\c@subsection=\count167
\c@subsubsection=\count168
\c@paragraph=\count169
\c@subparagraph=\count170
\c@figure=\count171
\c@table=\count172
\abovecaptionskip=\skip47
\belowcaptionskip=\skip48
\bibindent=\dimen134
)
("C:\Users\jrgonzalez\AppData\Local\Programs\MiKTeX 2.9\tex/latex/amsmath\amsma
th.sty"
Package: amsmath 2020/01/20 v2.17e AMS math features
\@mathmargin=\skip49
For additional information on amsmath, use the `?' option.

("C:\Users\jrgonzalez\AppData\Local\Programs\MiKTeX 2.9\tex/latex/amsmath\amste
xt.sty"
Package: amstext 2000/06/29 v2.01 AMS text

("C:\Users\jrgonzalez\AppData\Local\Programs\MiKTeX 2.9\tex/latex/amsmath\amsge
n.sty"
File: amsgen.sty 1999/11/30 v2.0 generic functions
\@emptytoks=\toks15
\ex@=\dimen135
))
("C:\Users\jrgonzalez\AppData\Local\Programs\MiKTeX 2.9\tex/latex/amsmath\amsbs
y.sty"
Package: amsbsy 1999/11/29 v1.2d Bold Symbols
\pmbraise@=\dimen136
)
("C:\Users\jrgonzalez\AppData\Local\Programs\MiKTeX 2.9\tex/latex/amsmath\amsop
n.sty"
Package: amsopn 2016/03/08 v2.02 operator names
)
\inf@bad=\count173
LaTeX Info: Redefining \frac on input line 227.
\uproot@=\count174
\leftroot@=\count175
LaTeX Info: Redefining \overline on input line 389.
\classnum@=\count176
\DOTSCASE@=\count177
LaTeX Info: Redefining \ldots on input line 486.
LaTeX Info: Redefining \dots on input line 489.
LaTeX Info: Redefining \cdots on input line 610.
\Mathstrutbox@=\box45
\strutbox@=\box46
\big@size=\dimen137
LaTeX Font Info:    Redeclaring font encoding OML on input line 733.
LaTeX Font Info:    Redeclaring font encoding OMS on input line 734.
\macc@depth=\count178
\c@MaxMatrixCols=\count179
\dotsspace@=\muskip16
\c@parentequation=\count180
\dspbrk@lvl=\count181
\tag@help=\toks16
\row@=\count182
\column@=\count183
\maxfields@=\count184
\andhelp@=\toks17
\eqnshift@=\dimen138
\alignsep@=\dimen139
\tagshift@=\dimen140
\tagwidth@=\dimen141
\totwidth@=\dimen142
\lineht@=\dimen143
\@envbody=\toks18
\multlinegap=\skip50
\multlinetaggap=\skip51
\mathdisplay@stack=\toks19
LaTeX Info: Redefining \[ on input line 2859.
LaTeX Info: Redefining \] on input line 2860.
)
("C:\Users\jrgonzalez\AppData\Local\Programs\MiKTeX 2.9\tex/latex/amsfonts\amss
ymb.sty"
Package: amssymb 2013/01/14 v3.01 AMS font symbols

("C:\Users\jrgonzalez\AppData\Local\Programs\MiKTeX 2.9\tex/latex/amsfonts\amsf
onts.sty"
Package: amsfonts 2013/01/14 v3.01 Basic AMSFonts support
\symAMSa=\mathgroup4
\symAMSb=\mathgroup5
LaTeX Font Info:    Redeclaring math symbol \hbar on input line 98.
LaTeX Font Info:    Overwriting math alphabet `\mathfrak' in version `bold'
(Font)                  U/euf/m/n --> U/euf/b/n on input line 106.
))
("C:\Users\jrgonzalez\AppData\Local\Programs\MiKTeX 2.9\tex/latex/lm\lmodern.st
y"
Package: lmodern 2009/10/30 v1.6 Latin Modern Fonts
LaTeX Font Info:    Overwriting symbol font `operators' in version `normal'
(Font)                  OT1/cmr/m/n --> OT1/lmr/m/n on input line 22.
LaTeX Font Info:    Overwriting symbol font `letters' in version `normal'
(Font)                  OML/cmm/m/it --> OML/lmm/m/it on input line 23.
LaTeX Font Info:    Overwriting symbol font `symbols' in version `normal'
(Font)                  OMS/cmsy/m/n --> OMS/lmsy/m/n on input line 24.
LaTeX Font Info:    Overwriting symbol font `largesymbols' in version `normal'
(Font)                  OMX/cmex/m/n --> OMX/lmex/m/n on input line 25.
LaTeX Font Info:    Overwriting symbol font `operators' in version `bold'
(Font)                  OT1/cmr/bx/n --> OT1/lmr/bx/n on input line 26.
LaTeX Font Info:    Overwriting symbol font `letters' in version `bold'
(Font)                  OML/cmm/b/it --> OML/lmm/b/it on input line 27.
LaTeX Font Info:    Overwriting symbol font `symbols' in version `bold'
(Font)                  OMS/cmsy/b/n --> OMS/lmsy/b/n on input line 28.
LaTeX Font Info:    Overwriting symbol font `largesymbols' in version `bold'
(Font)                  OMX/cmex/m/n --> OMX/lmex/m/n on input line 29.
LaTeX Font Info:    Overwriting math alphabet `\mathbf' in version `normal'
(Font)                  OT1/cmr/bx/n --> OT1/lmr/bx/n on input line 31.
LaTeX Font Info:    Overwriting math alphabet `\mathsf' in version `normal'
(Font)                  OT1/cmss/m/n --> OT1/lmss/m/n on input line 32.
LaTeX Font Info:    Overwriting math alphabet `\mathit' in version `normal'
(Font)                  OT1/cmr/m/it --> OT1/lmr/m/it on input line 33.
LaTeX Font Info:    Overwriting math alphabet `\mathtt' in version `normal'
(Font)                  OT1/cmtt/m/n --> OT1/lmtt/m/n on input line 34.
LaTeX Font Info:    Overwriting math alphabet `\mathbf' in version `bold'
(Font)                  OT1/cmr/bx/n --> OT1/lmr/bx/n on input line 35.
LaTeX Font Info:    Overwriting math alphabet `\mathsf' in version `bold'
(Font)                  OT1/cmss/bx/n --> OT1/lmss/bx/n on input line 36.
LaTeX Font Info:    Overwriting math alphabet `\mathit' in version `bold'
(Font)                  OT1/cmr/bx/it --> OT1/lmr/bx/it on input line 37.
LaTeX Font Info:    Overwriting math alphabet `\mathtt' in version `bold'
(Font)                  OT1/cmtt/m/n --> OT1/lmtt/m/n on input line 38.
)
("C:\Users\jrgonzalez\AppData\Local\Programs\MiKTeX 2.9\tex/generic/iftex\ifxet
ex.sty"
Package: ifxetex 2019/10/25 v0.7 ifxetex legacy package. Use iftex instead.

("C:\Users\jrgonzalez\AppData\Local\Programs\MiKTeX 2.9\tex/generic/iftex\iftex
.sty"
Package: iftex 2020/03/06 v1.0d TeX engine tests
))
("C:\Users\jrgonzalez\AppData\Local\Programs\MiKTeX 2.9\tex/generic/iftex\iflua
tex.sty"
Package: ifluatex 2019/10/25 v1.5 ifluatex legacy package. Use iftex instead.
)
("C:\Users\jrgonzalez\AppData\Local\Programs\MiKTeX 2.9\tex/latex/unicode-math\
unicode-math.sty"
("C:\Users\jrgonzalez\AppData\Local\Programs\MiKTeX 2.9\tex/latex/l3kernel\expl
3.sty"
Package: expl3 2020-09-03 L3 programming layer (loader) 

("C:\Users\jrgonzalez\AppData\Local\Programs\MiKTeX 2.9\tex/latex/l3backend\l3b
ackend-xetex.def"
File: l3backend-xetex.def 2020-09-01 L3 backend support: XeTeX
\g__graphics_track_int=\count185
\l__pdf_internal_box=\box47
\g__pdf_backend_object_int=\count186
\g__pdf_backend_annotation_int=\count187
))
Package: unicode-math 2020/01/31 v0.8q Unicode maths in XeLaTeX and LuaLaTeX

("C:\Users\jrgonzalez\AppData\Local\Programs\MiKTeX 2.9\tex/latex/unicode-math\
unicode-math-xetex.sty"
Package: unicode-math-xetex 2020/01/31 v0.8q Unicode maths in XeLaTeX and LuaLa
TeX

("C:\Users\jrgonzalez\AppData\Local\Programs\MiKTeX 2.9\tex/latex/l3packages/xp
arse\xparse.sty"
Package: xparse 2020-05-15 L3 Experimental document command parser

("C:\Users\jrgonzalez\AppData\Local\Programs\MiKTeX 2.9\tex/latex/l3packages/xp
arse\xparse-generic.tex"
\l__xparse_current_arg_int=\count188
\g__xparse_grabber_int=\count189
\l__xparse_m_args_int=\count190
\l__xparse_v_nesting_int=\count191
))
("C:\Users\jrgonzalez\AppData\Local\Programs\MiKTeX 2.9\tex/latex/l3packages/l3
keys2e\l3keys2e.sty"
Package: l3keys2e 2020-05-15 LaTeX2e option processing using LaTeX3 keys
)
("C:\Users\jrgonzalez\AppData\Local\Programs\MiKTeX 2.9\tex/latex/fontspec\font
spec.sty"
Package: fontspec 2020/02/21 v2.7i Font selection for XeLaTeX and LuaLaTeX

("C:\Users\jrgonzalez\AppData\Local\Programs\MiKTeX 2.9\tex/latex/fontspec\font
spec-xetex.sty"
Package: fontspec-xetex 2020/02/21 v2.7i Font selection for XeLaTeX and LuaLaTe
X
\l__fontspec_script_int=\count192
\l__fontspec_language_int=\count193
\l__fontspec_strnum_int=\count194
\l__fontspec_tmp_int=\count195
\l__fontspec_tmpa_int=\count196
\l__fontspec_tmpb_int=\count197
\l__fontspec_tmpc_int=\count198
\l__fontspec_em_int=\count199
\l__fontspec_emdef_int=\count266
\l__fontspec_strong_int=\count267
\l__fontspec_strongdef_int=\count268
\l__fontspec_tmpa_dim=\dimen144
\l__fontspec_tmpb_dim=\dimen145
\l__fontspec_tmpc_dim=\dimen146

("C:\Users\jrgonzalez\AppData\Local\Programs\MiKTeX 2.9\tex/latex/base\fontenc.
sty"
Package: fontenc 2020/02/11 v2.0o Standard LaTeX package
)
("C:\Users\jrgonzalez\AppData\Local\Programs\MiKTeX 2.9\tex/latex/fontspec\font
spec.cfg")))
("C:\Users\jrgonzalez\AppData\Local\Programs\MiKTeX 2.9\tex/latex/base\fix-cm.s
ty"
Package: fix-cm 2015/01/14 v1.1t fixes to LaTeX

("C:\Users\jrgonzalez\AppData\Local\Programs\MiKTeX 2.9\tex/latex/base\ts1enc.d
ef"
File: ts1enc.def 2001/06/05 v3.0e (jk/car/fm) Standard LaTeX file
LaTeX Font Info:    Redeclaring font encoding TS1 on input line 47.
))
\g__um_fam_int=\count269
\g__um_fonts_used_int=\count270
\l__um_primecount_int=\count271
\g__um_primekern_muskip=\muskip17

("C:\Users\jrgonzalez\AppData\Local\Programs\MiKTeX 2.9\tex/latex/unicode-math\
unicode-math-table.tex")))
("C:\Users\jrgonzalez\AppData\Local\Programs\MiKTeX 2.9\tex/latex/upquote\upquo
te.sty"
Package: upquote 2012/04/19 v1.3 upright-quote and grave-accent glyphs in verba
tim

("C:\Users\jrgonzalez\AppData\Local\Programs\MiKTeX 2.9\tex/latex/base\textcomp
.sty"
Package: textcomp 2020/02/02 v2.0n Standard LaTeX package
))
("C:\Users\jrgonzalez\AppData\Local\Programs\MiKTeX 2.9\tex/latex/microtype\mic
rotype.sty"
Package: microtype 2019/11/18 v2.7d Micro-typographical refinements (RS)

("C:\Users\jrgonzalez\AppData\Local\Programs\MiKTeX 2.9\tex/latex/graphics\keyv
al.sty"
Package: keyval 2014/10/28 v1.15 key=value parser (DPC)
\KV@toks@=\toks20
)
\MT@toks=\toks21
\MT@count=\count272
LaTeX Info: Redefining \textls on input line 790.
\MT@outer@kern=\dimen147
LaTeX Info: Redefining \textmicrotypecontext on input line 1354.
\MT@listname@count=\count273

("C:\Users\jrgonzalez\AppData\Local\Programs\MiKTeX 2.9\tex/latex/microtype\mic
rotype-xetex.def"
File: microtype-xetex.def 2019/11/18 v2.7d Definitions specific to xetex (RS)
LaTeX Info: Redefining \lsstyle on input line 258.
)
Package microtype Info: Loading configuration file microtype.cfg.

("C:\Users\jrgonzalez\AppData\Local\Programs\MiKTeX 2.9\tex/latex/microtype\mic
rotype.cfg"
File: microtype.cfg 2019/11/18 v2.7d microtype main configuration file (RS)
))
("C:\Users\jrgonzalez\AppData\Local\Programs\MiKTeX 2.9\tex/latex/parskip\parsk
ip.sty"
Package: parskip 2020-06-15 v2.0f non-zero parskip adjustments

("C:\Users\jrgonzalez\AppData\Local\Programs\MiKTeX 2.9\tex/latex/kvoptions\kvo
ptions.sty"
Package: kvoptions 2019/11/29 v3.13 Key value format for package options (HO)

("C:\Users\jrgonzalez\AppData\Local\Programs\MiKTeX 2.9\tex/generic/ltxcmds\ltx
cmds.sty"
Package: ltxcmds 2019/12/15 v1.24 LaTeX kernel commands for general use (HO)
)
("C:\Users\jrgonzalez\AppData\Local\Programs\MiKTeX 2.9\tex/generic/kvsetkeys\k
vsetkeys.sty"
Package: kvsetkeys 2019/12/15 v1.18 Key value parser (HO)
))
("C:\Users\jrgonzalez\AppData\Local\Programs\MiKTeX 2.9\tex/latex/etoolbox\etoo
lbox.sty"
Package: etoolbox 2020/08/24 v2.5j e-TeX tools for LaTeX (JAW)
\etb@tempcnta=\count274
))
("C:\Users\jrgonzalez\AppData\Local\Programs\MiKTeX 2.9\tex/latex/xcolor\xcolor
.sty"
Package: xcolor 2016/05/11 v2.12 LaTeX color extensions (UK)

("C:\Users\jrgonzalez\AppData\Local\Programs\MiKTeX 2.9\tex/latex/graphics-cfg\
color.cfg"
File: color.cfg 2016/01/02 v1.6 sample color configuration
)
Package xcolor Info: Driver file: xetex.def on input line 225.

("C:\Users\jrgonzalez\AppData\Local\Programs\MiKTeX 2.9\tex/latex/graphics-def\
xetex.def"
File: xetex.def 2020/08/26 v5.0i Graphics/color driver for xetex
)
Package xcolor Info: Model `cmy' substituted by `cmy0' on input line 1348.
Package xcolor Info: Model `RGB' extended on input line 1364.
Package xcolor Info: Model `HTML' substituted by `rgb' on input line 1366.
Package xcolor Info: Model `Hsb' substituted by `hsb' on input line 1367.
Package xcolor Info: Model `tHsb' substituted by `hsb' on input line 1368.
Package xcolor Info: Model `HSB' substituted by `hsb' on input line 1369.
Package xcolor Info: Model `Gray' substituted by `gray' on input line 1370.
Package xcolor Info: Model `wave' substituted by `hsb' on input line 1371.
) ("C:\Users\jrgonzalez\AppData\Local\Programs\MiKTeX 2.9\tex/latex/xurl\xurl.s
ty"
Package: xurl 2020/01/24 v 0.09 modify URL breaks
("C:\Users\jrgonzalez\AppData\Local\Programs\MiKTeX 2.9\tex/latex/url\url.sty"
\Urlmuskip=\muskip18
Package: url 2013/09/16  ver 3.4  Verb mode for urls, etc.
))
("C:\Users\jrgonzalez\AppData\Local\Programs\MiKTeX 2.9\tex/latex/bookmark\book
mark.sty"
Package: bookmark 2019/12/03 v1.28 PDF bookmarks (HO)

("C:\Users\jrgonzalez\AppData\Local\Programs\MiKTeX 2.9\tex/latex/hyperref\hype
rref.sty"
Package: hyperref 2020-05-15 v7.00e Hypertext links for LaTeX

("C:\Users\jrgonzalez\AppData\Local\Programs\MiKTeX 2.9\tex/generic/pdftexcmds\
pdftexcmds.sty"
Package: pdftexcmds 2020-06-27 v0.33 Utility functions of pdfTeX for LuaTeX (HO
)

("C:\Users\jrgonzalez\AppData\Local\Programs\MiKTeX 2.9\tex/generic/infwarerr\i
nfwarerr.sty"
Package: infwarerr 2019/12/03 v1.5 Providing info/warning/error messages (HO)
)
Package pdftexcmds Info: \pdf@primitive is available.
Package pdftexcmds Info: \pdf@ifprimitive is available.
Package pdftexcmds Info: \pdfdraftmode not found.
)
("C:\Users\jrgonzalez\AppData\Local\Programs\MiKTeX 2.9\tex/generic/kvdefinekey
s\kvdefinekeys.sty"
Package: kvdefinekeys 2019-12-19 v1.6 Define keys (HO)
)
("C:\Users\jrgonzalez\AppData\Local\Programs\MiKTeX 2.9\tex/generic/pdfescape\p
dfescape.sty"
Package: pdfescape 2019/12/09 v1.15 Implements pdfTeX's escape features (HO)
)
("C:\Users\jrgonzalez\AppData\Local\Programs\MiKTeX 2.9\tex/latex/hycolor\hycol
or.sty"
Package: hycolor 2020-01-27 v1.10 Color options for hyperref/bookmark (HO)
)
("C:\Users\jrgonzalez\AppData\Local\Programs\MiKTeX 2.9\tex/latex/letltxmacro\l
etltxmacro.sty"
Package: letltxmacro 2019/12/03 v1.6 Let assignment for LaTeX macros (HO)
)
("C:\Users\jrgonzalez\AppData\Local\Programs\MiKTeX 2.9\tex/latex/auxhook\auxho
ok.sty"
Package: auxhook 2019-12-17 v1.6 Hooks for auxiliary files (HO)
)
\@linkdim=\dimen148
\Hy@linkcounter=\count275
\Hy@pagecounter=\count276

("C:\Users\jrgonzalez\AppData\Local\Programs\MiKTeX 2.9\tex/latex/hyperref\pd1e
nc.def"
File: pd1enc.def 2020-05-15 v7.00e Hyperref: PDFDocEncoding definition (HO)
)
("C:\Users\jrgonzalez\AppData\Local\Programs\MiKTeX 2.9\tex/generic/intcalc\int
calc.sty"
Package: intcalc 2019/12/15 v1.3 Expandable calculations with integers (HO)
)
("C:\Users\jrgonzalez\AppData\Local\Programs\MiKTeX 2.9\tex/generic/etexcmds\et
excmds.sty"
Package: etexcmds 2019/12/15 v1.7 Avoid name clashes with e-TeX commands (HO)
)
\Hy@SavedSpaceFactor=\count277
Package hyperref Info: Option `unicode' set `true' on input line 4338.

("C:\Users\jrgonzalez\AppData\Local\Programs\MiKTeX 2.9\tex/latex/hyperref\puen
c.def"
File: puenc.def 2020-05-15 v7.00e Hyperref: PDF Unicode definition (HO)
)
Package hyperref Info: Hyper figures OFF on input line 4464.
Package hyperref Info: Link nesting OFF on input line 4469.
Package hyperref Info: Hyper index ON on input line 4472.
Package hyperref Info: Plain pages OFF on input line 4479.
Package hyperref Info: Backreferencing OFF on input line 4484.
Package hyperref Info: Implicit mode ON; LaTeX internals redefined.
Package hyperref Info: Bookmarks ON on input line 4717.
\c@Hy@tempcnt=\count278
LaTeX Info: Redefining \url on input line 5076.
\XeTeXLinkMargin=\dimen149

("C:\Users\jrgonzalez\AppData\Local\Programs\MiKTeX 2.9\tex/generic/bitset\bits
et.sty"
Package: bitset 2019/12/09 v1.3 Handle bit-vector datatype (HO)

("C:\Users\jrgonzalez\AppData\Local\Programs\MiKTeX 2.9\tex/generic/bigintcalc\
bigintcalc.sty"
Package: bigintcalc 2019/12/15 v1.5 Expandable calculations on big integers (HO
)
))
\Fld@menulength=\count279
\Field@Width=\dimen150
\Fld@charsize=\dimen151
Package hyperref Info: Hyper figures OFF on input line 6347.
Package hyperref Info: Link nesting OFF on input line 6352.
Package hyperref Info: Hyper index ON on input line 6355.
Package hyperref Info: backreferencing OFF on input line 6362.
Package hyperref Info: Link coloring OFF on input line 6367.
Package hyperref Info: Link coloring with OCG OFF on input line 6372.
Package hyperref Info: PDF/A mode OFF on input line 6377.
LaTeX Info: Redefining \ref on input line 6417.
LaTeX Info: Redefining \pageref on input line 6421.

("C:\Users\jrgonzalez\AppData\Local\Programs\MiKTeX 2.9\tex/generic/atbegshi\at
begshi.sty"
Package: atbegshi 2019/12/05 v1.19 At begin shipout hook (HO)
)
\Hy@abspage=\count280
\c@Item=\count281
\c@Hfootnote=\count282
)
Package hyperref Info: Driver (autodetected): hxetex.

("C:\Users\jrgonzalez\AppData\Local\Programs\MiKTeX 2.9\tex/latex/hyperref\hxet
ex.def"
File: hxetex.def 2020-05-15 v7.00e Hyperref driver for XeTeX

("C:\Users\jrgonzalez\AppData\Local\Programs\MiKTeX 2.9\tex/generic/stringenc\s
tringenc.sty"
Package: stringenc 2019/11/29 v1.12 Convert strings between diff. encodings (HO
)
)
\pdfm@box=\box48
\c@Hy@AnnotLevel=\count283
\HyField@AnnotCount=\count284
\Fld@listcount=\count285
\c@bookmark@seq@number=\count286

("C:\Users\jrgonzalez\AppData\Local\Programs\MiKTeX 2.9\tex/latex/rerunfilechec
k\rerunfilecheck.sty"
Package: rerunfilecheck 2019/12/05 v1.9 Rerun checks for auxiliary files (HO)

("C:\Users\jrgonzalez\AppData\Local\Programs\MiKTeX 2.9\tex/latex/atveryend\atv
eryend.sty"
Package: atveryend 2019-12-11 v1.11 Hooks at the very end of document (HO)
)
("C:\Users\jrgonzalez\AppData\Local\Programs\MiKTeX 2.9\tex/generic/uniquecount
er\uniquecounter.sty"
Package: uniquecounter 2019/12/15 v1.4 Provide unlimited unique counter (HO)
)
Package uniquecounter Info: New unique counter `rerunfilecheck' on input line 2
86.
)
\Hy@SectionHShift=\skip52
)
("C:\Users\jrgonzalez\AppData\Local\Programs\MiKTeX 2.9\tex/latex/bookmark\bkm-
dvipdfm.def"
File: bkm-dvipdfm.def 2019/12/03 v1.28 bookmark driver for dvipdfm (HO)
\BKM@id=\count287
))
("C:\Users\jrgonzalez\AppData\Local\Programs\MiKTeX 2.9\tex/latex/fancyvrb\fanc
yvrb.sty"
Package: fancyvrb 2020/05/03 v3.6 verbatim text (tvz,hv)
\FV@CodeLineNo=\count288
\FV@InFile=\read2
\FV@TabBox=\box49
\c@FancyVerbLine=\count289
\FV@StepNumber=\count290
\FV@OutFile=\write3
)
("C:\Users\jrgonzalez\AppData\Local\Programs\MiKTeX 2.9\tex/latex/framed\framed
.sty"
Package: framed 2011/10/22 v 0.96: framed or shaded text with page breaks
\OuterFrameSep=\skip53
\fb@frw=\dimen152
\fb@frh=\dimen153
\FrameRule=\dimen154
\FrameSep=\dimen155
)
("C:\Users\jrgonzalez\AppData\Local\Programs\MiKTeX 2.9\tex/latex/tools\longtab
le.sty"
Package: longtable 2020/01/07 v4.13 Multi-page Table package (DPC)
\LTleft=\skip54
\LTright=\skip55
\LTpre=\skip56
\LTpost=\skip57
\LTchunksize=\count291
\LTcapwidth=\dimen156
\LT@head=\box50
\LT@firsthead=\box51
\LT@foot=\box52
\LT@lastfoot=\box53
\LT@cols=\count292
\LT@rows=\count293
\c@LT@tables=\count294
\c@LT@chunks=\count295
\LT@p@ftn=\toks22
)
("C:\Users\jrgonzalez\AppData\Local\Programs\MiKTeX 2.9\tex/latex/booktabs\book
tabs.sty"
Package: booktabs 2020/01/12 v1.61803398 Publication quality tables
\heavyrulewidth=\dimen157
\lightrulewidth=\dimen158
\cmidrulewidth=\dimen159
\belowrulesep=\dimen160
\belowbottomsep=\dimen161
\aboverulesep=\dimen162
\abovetopsep=\dimen163
\cmidrulesep=\dimen164
\cmidrulekern=\dimen165
\defaultaddspace=\dimen166
\@cmidla=\count296
\@cmidlb=\count297
\@aboverulesep=\dimen167
\@belowrulesep=\dimen168
\@thisruleclass=\count298
\@lastruleclass=\count299
\@thisrulewidth=\dimen169
)
("C:\Users\jrgonzalez\AppData\Local\Programs\MiKTeX 2.9\tex/latex/tools\array.s
ty"
Package: array 2019/08/31 v2.4l Tabular extension package (FMi)
\col@sep=\dimen170
\ar@mcellbox=\box54
\extrarowheight=\dimen171
\NC@list=\toks23
\extratabsurround=\skip58
\backup@length=\skip59
\ar@cellbox=\box55
)
("C:\Users\jrgonzalez\AppData\Local\Programs\MiKTeX 2.9\tex/latex/tools\calc.st
y"
Package: calc 2017/05/25 v4.3 Infix arithmetic (KKT,FJ)
\calc@Acount=\count300
\calc@Bcount=\count301
\calc@Adimen=\dimen172
\calc@Bdimen=\dimen173
\calc@Askip=\skip60
\calc@Bskip=\skip61
LaTeX Info: Redefining \setlength on input line 80.
LaTeX Info: Redefining \addtolength on input line 81.
\calc@Ccount=\count302
\calc@Cskip=\skip62
)
("C:\Users\jrgonzalez\AppData\Local\Programs\MiKTeX 2.9\tex/latex/footnotehyper
\footnotehyper.sty"
Package: footnotehyper 2021/08/13 v1.1e hyperref aware footnote.sty (JFB)
\FNH@notes=\box56
\FNH@width=\dimen174
\FNH@toks=\toks24
)
("C:\Users\jrgonzalez\AppData\Local\Programs\MiKTeX 2.9\tex/latex/graphics\grap
hicx.sty"
Package: graphicx 2019/11/30 v1.2a Enhanced LaTeX Graphics (DPC,SPQR)

("C:\Users\jrgonzalez\AppData\Local\Programs\MiKTeX 2.9\tex/latex/graphics\grap
hics.sty"
Package: graphics 2019/11/30 v1.4a Standard LaTeX Graphics (DPC,SPQR)

("C:\Users\jrgonzalez\AppData\Local\Programs\MiKTeX 2.9\tex/latex/graphics\trig
.sty"
Package: trig 2016/01/03 v1.10 sin cos tan (DPC)
)
("C:\Users\jrgonzalez\AppData\Local\Programs\MiKTeX 2.9\tex/latex/graphics-cfg\
graphics.cfg"
File: graphics.cfg 2016/06/04 v1.11 sample graphics configuration
)
Package graphics Info: Driver file: xetex.def on input line 105.
)
\Gin@req@height=\dimen175
\Gin@req@width=\dimen176
)
("C:\Users\jrgonzalez\AppData\Local\Programs\MiKTeX 2.9\tex/latex/amscls\amsthm
.sty"
Package: amsthm 2020/05/29 v2.20.6
\thm@style=\toks25
\thm@bodyfont=\toks26
\thm@headfont=\toks27
\thm@notefont=\toks28
\thm@headpunct=\toks29
\thm@preskip=\skip63
\thm@postskip=\skip64
\thm@headsep=\skip65
\dth@everypar=\toks30
)
("C:\Users\jrgonzalez\AppData\Local\Programs\MiKTeX 2.9\tex/latex/mathtools\mat
htools.sty"
Package: mathtools 2020/03/24 v1.24 mathematical typesetting tools

("C:\Users\jrgonzalez\AppData\Local\Programs\MiKTeX 2.9\tex/latex/mathtools\mhs
etup.sty"
Package: mhsetup 2017/03/31 v1.3 programming setup (MH)
)
LaTeX Info: Thecontrolsequence`\('isalreadyrobust on input line 130.
LaTeX Info: Thecontrolsequence`\)'isalreadyrobust on input line 130.
LaTeX Info: Thecontrolsequence`\['isalreadyrobust on input line 130.
LaTeX Info: Thecontrolsequence`\]'isalreadyrobust on input line 130.
\g_MT_multlinerow_int=\count303
\l_MT_multwidth_dim=\dimen177
\origjot=\skip66
\l_MT_shortvdotswithinadjustabove_dim=\dimen178
\l_MT_shortvdotswithinadjustbelow_dim=\dimen179
\l_MT_above_intertext_sep=\dimen180
\l_MT_below_intertext_sep=\dimen181
\l_MT_above_shortintertext_sep=\dimen182
\l_MT_below_shortintertext_sep=\dimen183
\xmathstrut@box=\box57
\xmathstrut@dim=\dimen184
)
("C:\Users\jrgonzalez\AppData\Local\Programs\MiKTeX 2.9\tex/latex/natbib\natbib
.sty"
Package: natbib 2010/09/13 8.31b (PWD, AO)
\bibhang=\skip67
\bibsep=\skip68
LaTeX Info: Redefining \cite on input line 694.
\c@NAT@ctr=\count304
) (cursoLongitudinal-bookdown.aux)
\openout1 = `cursoLongitudinal-bookdown.aux'.

LaTeX Font Info:    Checking defaults for OML/cmm/m/it on input line 130.
LaTeX Font Info:    ... okay on input line 130.
LaTeX Font Info:    Checking defaults for OMS/cmsy/m/n on input line 130.
LaTeX Font Info:    ... okay on input line 130.
LaTeX Font Info:    Checking defaults for OT1/cmr/m/n on input line 130.
LaTeX Font Info:    ... okay on input line 130.
LaTeX Font Info:    Checking defaults for T1/cmr/m/n on input line 130.
LaTeX Font Info:    ... okay on input line 130.
LaTeX Font Info:    Checking defaults for TS1/cmr/m/n on input line 130.
LaTeX Font Info:    ... okay on input line 130.
LaTeX Font Info:    Checking defaults for TU/lmr/m/n on input line 130.
LaTeX Font Info:    ... okay on input line 130.
LaTeX Font Info:    Checking defaults for OMX/cmex/m/n on input line 130.
LaTeX Font Info:    ... okay on input line 130.
LaTeX Font Info:    Checking defaults for U/cmr/m/n on input line 130.
LaTeX Font Info:    ... okay on input line 130.
LaTeX Font Info:    Checking defaults for PD1/pdf/m/n on input line 130.
LaTeX Font Info:    ... okay on input line 130.
LaTeX Font Info:    Checking defaults for PU/pdf/m/n on input line 130.
LaTeX Font Info:    ... okay on input line 130.
LaTeX Font Info:    Overwriting math alphabet `\mathrm' in version `normal'
(Font)                  OT1/lmr/m/n --> TU/lmr/m/n on input line 130.
LaTeX Font Info:    Overwriting math alphabet `\mathit' in version `normal'
(Font)                  OT1/lmr/m/it --> TU/lmr/m/it on input line 130.
LaTeX Font Info:    Overwriting math alphabet `\mathbf' in version `normal'
(Font)                  OT1/lmr/bx/n --> TU/lmr/bx/n on input line 130.
LaTeX Font Info:    Overwriting math alphabet `\mathsf' in version `normal'
(Font)                  OT1/lmss/m/n --> TU/lmss/m/n on input line 130.
LaTeX Font Info:    Overwriting math alphabet `\mathsf' in version `bold'
(Font)                  OT1/lmss/bx/n --> TU/lmss/bx/n on input line 130.
LaTeX Font Info:    Overwriting math alphabet `\mathtt' in version `normal'
(Font)                  OT1/lmtt/m/n --> TU/lmtt/m/n on input line 130.
LaTeX Font Info:    Overwriting math alphabet `\mathtt' in version `bold'
(Font)                  OT1/lmtt/m/n --> TU/lmtt/bx/n on input line 130.

Package fontspec Info: latinmodern-math scale = 0.9999964596882403.


Package fontspec Info: latinmodern-math scale = 0.9999964596882403.


Package fontspec Info: latinmodern-math scale = 0.9999964596882403.


Package fontspec Info: Font family 'latinmodern-math.otf(0)' created for font
(fontspec)             'latinmodern-math.otf' with options
(fontspec)             [Scale=MatchLowercase,BoldItalicFont={},ItalicFont={},Sm
allCapsFont={},Script=Math,BoldFont={latinmodern-math.otf}].
(fontspec)              
(fontspec)              This font family consists of the following NFSS
(fontspec)             series/shapes:
(fontspec)              
(fontspec)             - 'normal' (m/n) with NFSS spec.:
(fontspec)             <->s*[0.9999964596882403]"[latinmodern-math.otf]/OT:scri
pt=math;language=dflt;"
(fontspec)             - 'small caps'  (m/sc) with NFSS spec.: 
(fontspec)             - 'bold' (b/n) with NFSS spec.:
(fontspec)             <->s*[0.9999964596882403]"[latinmodern-math.otf]/OT:scri
pt=math;language=dflt;"
(fontspec)             - 'bold small caps'  (b/sc) with NFSS spec.: 

LaTeX Font Info:    Font shape `TU/latinmodern-math.otf(0)/m/n' will be
(Font)              scaled to size 10.0pt on input line 130.

Package fontspec Info: latinmodern-math scale = 0.9999964596882403.


Package fontspec Info: latinmodern-math scale = 0.9999964596882403.


Package fontspec Info: latinmodern-math scale = 0.9999964596882403.


Package fontspec Info: latinmodern-math scale = 0.9999964596882403.


Package fontspec Info: latinmodern-math scale = 0.9999964596882403.


Package fontspec Info: Font family 'latinmodern-math.otf(1)' created for font
(fontspec)             'latinmodern-math.otf' with options
(fontspec)             [Scale=MatchLowercase,BoldItalicFont={},ItalicFont={},Sm
allCapsFont={},Script=Math,SizeFeatures={{Size=8.5-},{Size=6-8.5,Font=latinmode
rn-math.otf,Style=MathScript},{Size=-6,Font=latinmodern-math.otf,Style=MathScri
ptScript}},BoldFont={latinmodern-math.otf}].
(fontspec)              
(fontspec)              This font family consists of the following NFSS
(fontspec)             series/shapes:
(fontspec)              
(fontspec)             - 'normal' (m/n) with NFSS spec.:
(fontspec)             <8.5->s*[0.9999964596882403]"[latinmodern-math.otf]/OT:s
cript=math;language=dflt;"<6-8.5>s*[0.9999964596882403]"[latinmodern-math.otf]/
OT:script=math;language=dflt;+ssty=0;"<-6>s*[0.9999964596882403]"[latinmodern-m
ath.otf]/OT:script=math;language=dflt;+ssty=1;"
(fontspec)             - 'small caps'  (m/sc) with NFSS spec.: 
(fontspec)             - 'bold' (b/n) with NFSS spec.:
(fontspec)             <->s*[0.9999964596882403]"[latinmodern-math.otf]/OT:scri
pt=math;language=dflt;"
(fontspec)             - 'bold small caps'  (b/sc) with NFSS spec.: 

LaTeX Font Info:    Font shape `TU/latinmodern-math.otf(1)/m/n' will be
(Font)              scaled to size 10.0pt on input line 130.
LaTeX Font Info:    Encoding `OT1' has changed to `TU' for symbol font
(Font)              `operators' in the math version `normal' on input line 130.

LaTeX Font Info:    Overwriting symbol font `operators' in version `normal'
(Font)                  OT1/lmr/m/n --> TU/latinmodern-math.otf(1)/m/n on input
 line 130.
LaTeX Font Info:    Encoding `OT1' has changed to `TU' for symbol font
(Font)              `operators' in the math version `bold' on input line 130.
LaTeX Font Info:    Overwriting symbol font `operators' in version `bold'
(Font)                  OT1/lmr/bx/n --> TU/latinmodern-math.otf(1)/b/n on inpu
t line 130.

Package fontspec Info: latinmodern-math scale = 0.9999964596882403.


Package fontspec Info: latinmodern-math scale = 1.000096459334209.


Package fontspec Info: latinmodern-math scale = 0.9999964596882403.


Package fontspec Info: latinmodern-math scale = 1.000096459334209.


Package fontspec Info: latinmodern-math scale = 0.9999964596882403.


Package fontspec Info: latinmodern-math scale = 1.000096459334209.


Package fontspec Info: latinmodern-math scale = 0.9999964596882403.


Package fontspec Info: latinmodern-math scale = 1.000096459334209.


Package fontspec Info: latinmodern-math scale = 0.9999964596882403.


Package fontspec Info: latinmodern-math scale = 1.000096459334209.


Package fontspec Info: Font family 'latinmodern-math.otf(2)' created for font
(fontspec)             'latinmodern-math.otf' with options
(fontspec)             [Scale=MatchLowercase,BoldItalicFont={},ItalicFont={},Sm
allCapsFont={},Script=Math,SizeFeatures={{Size=8.5-},{Size=6-8.5,Font=latinmode
rn-math.otf,Style=MathScript},{Size=-6,Font=latinmodern-math.otf,Style=MathScri
ptScript}},BoldFont={latinmodern-math.otf},ScaleAgain=1.0001,FontAdjustment={\f
ontdimen
(fontspec)             8\font =6.77pt\relax \fontdimen 9\font =3.94pt\relax
(fontspec)             \fontdimen 10\font =4.44pt\relax \fontdimen 11\font
(fontspec)             =6.86pt\relax \fontdimen 12\font =3.45pt\relax
(fontspec)             \fontdimen 13\font =3.63pt\relax \fontdimen 14\font
(fontspec)             =3.63pt\relax \fontdimen 15\font =2.89pt\relax
(fontspec)             \fontdimen 16\font =2.47pt\relax \fontdimen 17\font
(fontspec)             =2.47pt\relax \fontdimen 18\font =2.5pt\relax
(fontspec)             \fontdimen 19\font =2.0pt\relax \fontdimen 22\font
(fontspec)             =2.5pt\relax \fontdimen 20\font =0pt\relax \fontdimen
(fontspec)             21\font =0pt\relax }].
(fontspec)              
(fontspec)              This font family consists of the following NFSS
(fontspec)             series/shapes:
(fontspec)              
(fontspec)             - 'normal' (m/n) with NFSS spec.:
(fontspec)             <8.5->s*[1.000096459334209]"[latinmodern-math.otf]/OT:sc
ript=math;language=dflt;"<6-8.5>s*[1.000096459334209]"[latinmodern-math.otf]/OT
:script=math;language=dflt;+ssty=0;"<-6>s*[1.000096459334209]"[latinmodern-math
.otf]/OT:script=math;language=dflt;+ssty=1;"
(fontspec)             - 'small caps'  (m/sc) with NFSS spec.: 
(fontspec)             and font adjustment code:
(fontspec)             \fontdimen 8\font =6.77pt\relax \fontdimen 9\font
(fontspec)             =3.94pt\relax \fontdimen 10\font =4.44pt\relax
(fontspec)             \fontdimen 11\font =6.86pt\relax \fontdimen 12\font
(fontspec)             =3.45pt\relax \fontdimen 13\font =3.63pt\relax
(fontspec)             \fontdimen 14\font =3.63pt\relax \fontdimen 15\font
(fontspec)             =2.89pt\relax \fontdimen 16\font =2.47pt\relax
(fontspec)             \fontdimen 17\font =2.47pt\relax \fontdimen 18\font
(fontspec)             =2.5pt\relax \fontdimen 19\font =2.0pt\relax \fontdimen
(fontspec)             22\font =2.5pt\relax \fontdimen 20\font =0pt\relax
(fontspec)             \fontdimen 21\font =0pt\relax 
(fontspec)             - 'bold' (b/n) with NFSS spec.:
(fontspec)             <->s*[1.000096459334209]"[latinmodern-math.otf]/OT:scrip
t=math;language=dflt;"
(fontspec)             - 'bold small caps'  (b/sc) with NFSS spec.: 
(fontspec)             and font adjustment code:
(fontspec)             \fontdimen 8\font =6.77pt\relax \fontdimen 9\font
(fontspec)             =3.94pt\relax \fontdimen 10\font =4.44pt\relax
(fontspec)             \fontdimen 11\font =6.86pt\relax \fontdimen 12\font
(fontspec)             =3.45pt\relax \fontdimen 13\font =3.63pt\relax
(fontspec)             \fontdimen 14\font =3.63pt\relax \fontdimen 15\font
(fontspec)             =2.89pt\relax \fontdimen 16\font =2.47pt\relax
(fontspec)             \fontdimen 17\font =2.47pt\relax \fontdimen 18\font
(fontspec)             =2.5pt\relax \fontdimen 19\font =2.0pt\relax \fontdimen
(fontspec)             22\font =2.5pt\relax \fontdimen 20\font =0pt\relax
(fontspec)             \fontdimen 21\font =0pt\relax 

LaTeX Font Info:    Encoding `OMS' has changed to `TU' for symbol font
(Font)              `symbols' in the math version `normal' on input line 130.
LaTeX Font Info:    Overwriting symbol font `symbols' in version `normal'
(Font)                  OMS/lmsy/m/n --> TU/latinmodern-math.otf(2)/m/n on inpu
t line 130.
LaTeX Font Info:    Encoding `OMS' has changed to `TU' for symbol font
(Font)              `symbols' in the math version `bold' on input line 130.
LaTeX Font Info:    Overwriting symbol font `symbols' in version `bold'
(Font)                  OMS/lmsy/b/n --> TU/latinmodern-math.otf(2)/b/n on inpu
t line 130.

Package fontspec Info: latinmodern-math scale = 0.9999964596882403.


Package fontspec Info: latinmodern-math scale = 0.9998964600422715.


Package fontspec Info: latinmodern-math scale = 0.9999964596882403.


Package fontspec Info: latinmodern-math scale = 0.9998964600422715.


Package fontspec Info: latinmodern-math scale = 0.9999964596882403.


Package fontspec Info: latinmodern-math scale = 0.9998964600422715.


Package fontspec Info: latinmodern-math scale = 0.9999964596882403.


Package fontspec Info: latinmodern-math scale = 0.9998964600422715.


Package fontspec Info: latinmodern-math scale = 0.9999964596882403.


Package fontspec Info: latinmodern-math scale = 0.9998964600422715.


Package fontspec Info: Font family 'latinmodern-math.otf(3)' created for font
(fontspec)             'latinmodern-math.otf' with options
(fontspec)             [Scale=MatchLowercase,BoldItalicFont={},ItalicFont={},Sm
allCapsFont={},Script=Math,SizeFeatures={{Size=8.5-},{Size=6-8.5,Font=latinmode
rn-math.otf,Style=MathScript},{Size=-6,Font=latinmodern-math.otf,Style=MathScri
ptScript}},BoldFont={latinmodern-math.otf},ScaleAgain=0.9999,FontAdjustment={\f
ontdimen
(fontspec)             8\font =0.4pt\relax \fontdimen 9\font =2.0pt\relax
(fontspec)             \fontdimen 10\font =1.67pt\relax \fontdimen 11\font
(fontspec)             =1.11pt\relax \fontdimen 12\font =6.0pt\relax
(fontspec)             \fontdimen 13\font =0pt\relax }].
(fontspec)              
(fontspec)              This font family consists of the following NFSS
(fontspec)             series/shapes:
(fontspec)              
(fontspec)             - 'normal' (m/n) with NFSS spec.:
(fontspec)             <8.5->s*[0.9998964600422715]"[latinmodern-math.otf]/OT:s
cript=math;language=dflt;"<6-8.5>s*[0.9998964600422715]"[latinmodern-math.otf]/
OT:script=math;language=dflt;+ssty=0;"<-6>s*[0.9998964600422715]"[latinmodern-m
ath.otf]/OT:script=math;language=dflt;+ssty=1;"
(fontspec)             - 'small caps'  (m/sc) with NFSS spec.: 
(fontspec)             and font adjustment code:
(fontspec)             \fontdimen 8\font =0.4pt\relax \fontdimen 9\font
(fontspec)             =2.0pt\relax \fontdimen 10\font =1.67pt\relax
(fontspec)             \fontdimen 11\font =1.11pt\relax \fontdimen 12\font
(fontspec)             =6.0pt\relax \fontdimen 13\font =0pt\relax 
(fontspec)             - 'bold' (b/n) with NFSS spec.:
(fontspec)             <->s*[0.9998964600422715]"[latinmodern-math.otf]/OT:scri
pt=math;language=dflt;"
(fontspec)             - 'bold small caps'  (b/sc) with NFSS spec.: 
(fontspec)             and font adjustment code:
(fontspec)             \fontdimen 8\font =0.4pt\relax \fontdimen 9\font
(fontspec)             =2.0pt\relax \fontdimen 10\font =1.67pt\relax
(fontspec)             \fontdimen 11\font =1.11pt\relax \fontdimen 12\font
(fontspec)             =6.0pt\relax \fontdimen 13\font =0pt\relax 

LaTeX Font Info:    Encoding `OMX' has changed to `TU' for symbol font
(Font)              `largesymbols' in the math version `normal' on input line 1
30.
LaTeX Font Info:    Overwriting symbol font `largesymbols' in version `normal'
(Font)                  OMX/lmex/m/n --> TU/latinmodern-math.otf(3)/m/n on inpu
t line 130.
LaTeX Font Info:    Encoding `OMX' has changed to `TU' for symbol font
(Font)              `largesymbols' in the math version `bold' on input line 130
.
LaTeX Font Info:    Overwriting symbol font `largesymbols' in version `bold'
(Font)                  OMX/lmex/m/n --> TU/latinmodern-math.otf(3)/b/n on inpu
t line 130.

Package unicode-math Warning: Using \overbracket and \underbracket from
(unicode-math)                `mathtools' package.
(unicode-math)                 
(unicode-math)                 Use \Uoverbracket and \Uunderbracket for
(unicode-math)                original `unicode-math' definition.


Package unicode-math Warning: I'm going to overwrite the following commands
(unicode-math)                from the `mathtools' package: 
(unicode-math)                 
(unicode-math)                     \dblcolon, \coloneqq, \Coloneqq, \eqqcolon.
(unicode-math)                
(unicode-math)                 
(unicode-math)                 Note that since I won't overwrite the other
(unicode-math)                colon-like commands, using them will lead to
(unicode-math)                inconsistencies.

LaTeX Info: Redefining \microtypecontext on input line 130.
Package microtype Info: Character protrusion enabled (level 2).
Package microtype Info: Using protrusion set `basicmath'.
Package microtype Info: No adjustment of tracking.
Package microtype Info: No adjustment of spacing.
Package microtype Info: No adjustment of kerning.

("C:\Users\jrgonzalez\AppData\Local\Programs\MiKTeX 2.9\tex/latex/microtype\mt-
LatinModernRoman.cfg"
File: mt-LatinModernRoman.cfg 2013/03/13 v1.0 microtype config. file: Latin Mod
ern Roman (RS)
)
\AtBeginShipoutBox=\box58
Package hyperref Info: Link coloring OFF on input line 130.

("C:\Users\jrgonzalez\AppData\Local\Programs\MiKTeX 2.9\tex/latex/hyperref\name
ref.sty"
Package: nameref 2019/09/16 v2.46 Cross-referencing by name of section

("C:\Users\jrgonzalez\AppData\Local\Programs\MiKTeX 2.9\tex/latex/refcount\refc
ount.sty"
Package: refcount 2019/12/15 v3.6 Data extraction from label references (HO)
)
("C:\Users\jrgonzalez\AppData\Local\Programs\MiKTeX 2.9\tex/generic/gettitlestr
ing\gettitlestring.sty"
Package: gettitlestring 2019/12/15 v1.6 Cleanup title references (HO)
)
\c@section@level=\count305
)
LaTeX Info: Redefining \ref on input line 130.
LaTeX Info: Redefining \pageref on input line 130.
LaTeX Info: Redefining \nameref on input line 130.
LaTeX Font Info:    Font shape `TU/latinmodern-math.otf(1)/m/n' will be
(Font)              scaled to size 12.0pt on input line 132.
LaTeX Font Info:    Font shape `TU/latinmodern-math.otf(1)/m/n' will be
(Font)              scaled to size 8.0pt on input line 132.
LaTeX Font Info:    Font shape `TU/latinmodern-math.otf(1)/m/n' will be
(Font)              scaled to size 6.0pt on input line 132.
LaTeX Font Info:    Trying to load font information for OML+lmm on input line 1
32.
("C:\Users\jrgonzalez\AppData\Local\Programs\MiKTeX 2.9\tex/latex/lm\omllmm.fd"
File: omllmm.fd 2009/10/30 v1.6 Font defs for Latin Modern
)
LaTeX Font Info:    Font shape `TU/latinmodern-math.otf(2)/m/n' will be
(Font)              scaled to size 12.0011pt on input line 132.
LaTeX Font Info:    Font shape `TU/latinmodern-math.otf(2)/m/n' will be
(Font)              scaled to size 8.00073pt on input line 132.
LaTeX Font Info:    Font shape `TU/latinmodern-math.otf(2)/m/n' will be
(Font)              scaled to size 6.00055pt on input line 132.
LaTeX Font Info:    Font shape `TU/latinmodern-math.otf(3)/m/n' will be
(Font)              scaled to size 11.99872pt on input line 132.
LaTeX Font Info:    Font shape `TU/latinmodern-math.otf(3)/m/n' will be
(Font)              scaled to size 7.99915pt on input line 132.
LaTeX Font Info:    Font shape `TU/latinmodern-math.otf(3)/m/n' will be
(Font)              scaled to size 5.99936pt on input line 132.
LaTeX Font Info:    Trying to load font information for U+msa on input line 132
.

("C:\Users\jrgonzalez\AppData\Local\Programs\MiKTeX 2.9\tex/latex/amsfonts\umsa
.fd"
File: umsa.fd 2013/01/14 v3.01 AMS symbols A
)
("C:\Users\jrgonzalez\AppData\Local\Programs\MiKTeX 2.9\tex/latex/microtype\mt-
msa.cfg"
File: mt-msa.cfg 2006/02/04 v1.1 microtype config. file: AMS symbols (a) (RS)
)
LaTeX Font Info:    Trying to load font information for U+msb on input line 132
.

("C:\Users\jrgonzalez\AppData\Local\Programs\MiKTeX 2.9\tex/latex/amsfonts\umsb
.fd"
File: umsb.fd 2013/01/14 v3.01 AMS symbols B
)
("C:\Users\jrgonzalez\AppData\Local\Programs\MiKTeX 2.9\tex/latex/microtype\mt-
msb.cfg"
File: mt-msb.cfg 2005/06/01 v1.0 microtype config. file: AMS symbols (b) (RS)
) [1


] [2

] (cursoLongitudinal-bookdown.toc
LaTeX Font Info:    Font shape `TU/latinmodern-math.otf(1)/m/n' will be
(Font)              scaled to size 7.0pt on input line 2.
LaTeX Font Info:    Font shape `TU/latinmodern-math.otf(1)/m/n' will be
(Font)              scaled to size 5.0pt on input line 2.
LaTeX Font Info:    Font shape `TU/latinmodern-math.otf(2)/m/n' will be
(Font)              scaled to size 10.00092pt on input line 2.
LaTeX Font Info:    Font shape `TU/latinmodern-math.otf(2)/m/n' will be
(Font)              scaled to size 7.00064pt on input line 2.
LaTeX Font Info:    Font shape `TU/latinmodern-math.otf(2)/m/n' will be
(Font)              scaled to size 5.00046pt on input line 2.
LaTeX Font Info:    Font shape `TU/latinmodern-math.otf(3)/m/n' will be
(Font)              scaled to size 9.99893pt on input line 2.
LaTeX Font Info:    Font shape `TU/latinmodern-math.otf(3)/m/n' will be
(Font)              scaled to size 6.99925pt on input line 2.
LaTeX Font Info:    Font shape `TU/latinmodern-math.otf(3)/m/n' will be
(Font)              scaled to size 4.99947pt on input line 2.
[3])
\tf@toc=\write4
\openout4 = `cursoLongitudinal-bookdown.toc'.

[4]
Chapter 1.

Overfull \hbox (48.75pt too wide) in paragraph at lines 201--201
[]\TU/lmtt/m/n/10 install.packages(c("tidyverse", "dplyr", "magrittr", "ggplot2
", "reshape2",[] 
 []


Overfull \hbox (69.75pt too wide) in paragraph at lines 201--201
[]                   \TU/lmtt/m/n/10 "ez", "MANOVA.RM", "nlme", "ggeffects", "g
ridExtra", "lme4",[] 
 []


Overfull \hbox (54.0pt too wide) in paragraph at lines 201--201
[]                   \TU/lmtt/m/n/10 "chron", "compareGroups", "survminer", "JM
", "joineRML"))[] 
 []

[5

]
Overfull \hbox (6.75pt too wide) in paragraph at lines 207--207
[]\TU/lmtt/m/n/10 https://github.com/isglobal-brge/curso_longitudinal/tree/main
/datos[] 
 []

[6]
Chapter 2.
File: fig_out/unnamed-chunk-2-1.pdf Graphic file (type pdf)
<use fig_out/unnamed-chunk-2-1.pdf>

Underfull \vbox (badness 10000) has occurred while \output is active []

[7

]
File: fig_out/unnamed-chunk-3-1.pdf Graphic file (type pdf)
<use fig_out/unnamed-chunk-3-1.pdf>

Overfull \hbox (34.85342pt too wide) has occurred while \output is active
\TU/lmr/m/n/10 8 \TU/lmr/m/sl/10 CHAPTER 2.  INTRODUCCIÓN A LOS DISEÑOS DE DATO
S LONGITUDINALES
 []

[8]
File: fig_out/unnamed-chunk-4-1.pdf Graphic file (type pdf)
<use fig_out/unnamed-chunk-4-1.pdf>
[9]
Underfull \hbox (badness 2671) in paragraph at lines 280--281
[]\TU/lmr/m/n/10 Finalmente, en cada muestra se contabilizan el número de
 []


Overfull \hbox (39.85342pt too wide) has occurred while \output is active
\TU/lmr/m/n/10 10 \TU/lmr/m/sl/10 CHAPTER 2.  INTRODUCCIÓN A LOS DISEÑOS DE DAT
OS LONGITUDINALES
 []

[10]
File: fig_out/unnamed-chunk-5-1.pdf Graphic file (type pdf)
<use fig_out/unnamed-chunk-5-1.pdf>
[11]
File: fig_out/unnamed-chunk-6-1.pdf Graphic file (type pdf)
<use fig_out/unnamed-chunk-6-1.pdf>

Underfull \vbox (badness 10000) has occurred while \output is active []


Overfull \hbox (39.85342pt too wide) has occurred while \output is active
\TU/lmr/m/n/10 12 \TU/lmr/m/sl/10 CHAPTER 2.  INTRODUCCIÓN A LOS DISEÑOS DE DAT
OS LONGITUDINALES
 []

[12]
File: fig_out/unnamed-chunk-7-1.pdf Graphic file (type pdf)
<use fig_out/unnamed-chunk-7-1.pdf>

Underfull \vbox (badness 1173) has occurred while \output is active []

[13]
File: fig_out/unnamed-chunk-8-1.pdf Graphic file (type pdf)
<use fig_out/unnamed-chunk-8-1.pdf>

Overfull \hbox (39.85342pt too wide) has occurred while \output is active
\TU/lmr/m/n/10 14 \TU/lmr/m/sl/10 CHAPTER 2.  INTRODUCCIÓN A LOS DISEÑOS DE DAT
OS LONGITUDINALES
 []

[14]
Chapter 3.
File: fig/ejemplo_img_final.png Graphic file (type bmp)
<fig/ejemplo_img_final.png>

Overfull \hbox (1260.9471pt too wide) in paragraph at lines 397--397
[][] 
 []

[15

] [16] [17] [18]
Underfull \vbox (badness 2359) has occurred while \output is active []

[19] [20] [21] [22] [23] [24] [25] [26] [27] [28] [29] [30] [31] [32] [33] [34]
[35] [36] [37] [38] [39]
LaTeX Font Info:    Font shape `TU/lmtt/bx/n' in size <10> not available
(Font)              Font shape `TU/lmtt/b/n' tried instead on input line 1836.
[40] [41]
Underfull \vbox (badness 1584) detected at line 1972
 []


Underfull \vbox (badness 1231) has occurred while \output is active []

[42] [43] [44]
Chapter 4.
[45

] [46]
File: fig_out/unnamed-chunk-35-1.pdf Graphic file (type pdf)
<use fig_out/unnamed-chunk-35-1.pdf>

Underfull \vbox (badness 3281) has occurred while \output is active []

[47]
File: fig_out/unnamed-chunk-36-1.pdf Graphic file (type pdf)
<use fig_out/unnamed-chunk-36-1.pdf>
[48]
File: fig_out/unnamed-chunk-37-1.pdf Graphic file (type pdf)
<use fig_out/unnamed-chunk-37-1.pdf>

Underfull \hbox (badness 10000) in paragraph at lines 2214--2216
[][]
 []

File: fig_out/unnamed-chunk-38-1.pdf Graphic file (type pdf)
<use fig_out/unnamed-chunk-38-1.pdf>
[49]
File: fig_out/unnamed-chunk-39-1.pdf Graphic file (type pdf)
<use fig_out/unnamed-chunk-39-1.pdf>

Underfull \vbox (badness 10000) has occurred while \output is active []

[50]
File: fig_out/unnamed-chunk-40-1.pdf Graphic file (type pdf)
<use fig_out/unnamed-chunk-40-1.pdf>

Underfull \vbox (badness 10000) has occurred while \output is active []

[51]
File: fig_out/unnamed-chunk-41-1.pdf Graphic file (type pdf)
<use fig_out/unnamed-chunk-41-1.pdf>

Underfull \vbox (badness 10000) has occurred while \output is active []

[52]
File: fig_out/unnamed-chunk-43-1.pdf Graphic file (type pdf)
<use fig_out/unnamed-chunk-43-1.pdf>

Underfull \vbox (badness 10000) has occurred while \output is active []

[53] [54]
Chapter 5.
[55

]
LaTeX Font Info:    Font shape `TU/lmtt/bx/n' in size <12> not available
(Font)              Font shape `TU/lmtt/b/n' tried instead on input line 2347.
[56] [57] [58] [59] [60]
File: fig_out/unnamed-chunk-48-1.pdf Graphic file (type pdf)
<use fig_out/unnamed-chunk-48-1.pdf>
[61] [62] [63] [64] [65]
File: fig_out/unnamed-chunk-58-1.pdf Graphic file (type pdf)
<use fig_out/unnamed-chunk-58-1.pdf>
[66]
Underfull \vbox (badness 1253) detected at line 2937
 []

[67]
File: fig_out/unnamed-chunk-60-1.pdf Graphic file (type pdf)
<use fig_out/unnamed-chunk-60-1.pdf>
[68]
Underfull \vbox (badness 10000) has occurred while \output is active []

[69] [70] [71] [72] [73] [74]
Chapter 6.
[75

]
Overfull \hbox (6.53922pt too wide) in paragraph at lines 3323--3325
[]\TU/lmr/m/n/10 Los \TU/lmr/bx/n/10 efectos fijos \TU/lmr/m/n/10 son la espera
nza de los efectos aleatorios ($[][][] [][][] [] [] [] [] [][]$).
 []

[76]
File: fig_out/unnamed-chunk-69-1.pdf Graphic file (type pdf)
<use fig_out/unnamed-chunk-69-1.pdf>
[77]
File: fig_out/unnamed-chunk-70-1.pdf Graphic file (type pdf)
<use fig_out/unnamed-chunk-70-1.pdf>
[78]
File: fig_out/unnamed-chunk-71-1.pdf Graphic file (type pdf)
<use fig_out/unnamed-chunk-71-1.pdf>
File: fig_out/unnamed-chunk-72-1.pdf Graphic file (type pdf)
<use fig_out/unnamed-chunk-72-1.pdf>
[79]

Package natbib Warning: Citation `pbkrtest2014' on page 80 undefined on input l
ine 3432.

[80] [81] [82] [83]
LaTeX Font Info:    Font shape `TU/lmtt/bx/n' in size <14.4> not available
(Font)              Font shape `TU/lmtt/b/n' tried instead on input line 3616.

Package natbib Warning: Citation `R-nlme' on page 84 undefined on input line 36
18.

[84] [85] [86]
Overfull \hbox (6.75pt too wide) in paragraph at lines 3825--3825
[] \TU/lmtt/m/n/10 Structure: General positive-definite, Log-Cholesky parametri
zation[] 
 []

[87] [88] [89]
Underfull \vbox (badness 10000) has occurred while \output is active []

[90] [91]
Overfull \hbox (17.25pt too wide) in paragraph at lines 4103--4103
[]                                                                \TU/lmtt/m/n/
10 Model[] 
 []


Overfull \hbox (17.25pt too wide) in paragraph at lines 4103--4103
[]\TU/lmtt/m/n/10 modelo                                                       
       1[] 
 []


Overfull \hbox (17.25pt too wide) in paragraph at lines 4103--4103
[]\TU/lmtt/m/n/10 update(modelo, random = list(indiv = pdDiag(~poly(tiempo, 2))
))     2[] 
 []


Overfull \hbox (1.5pt too wide) in paragraph at lines 4103--4103
[]                                                                \TU/lmtt/m/n/
10 df[] 
 []


Overfull \hbox (1.5pt too wide) in paragraph at lines 4103--4103
[]\TU/lmtt/m/n/10 modelo                                                       
   11[] 
 []


Overfull \hbox (1.5pt too wide) in paragraph at lines 4103--4103
[]\TU/lmtt/m/n/10 update(modelo, random = list(indiv = pdDiag(~poly(tiempo, 2))
))  8[] 
 []


Overfull \hbox (33.0pt too wide) in paragraph at lines 4103--4103
[]                                                                     \TU/lmtt
/m/n/10 AIC[] 
 []


Overfull \hbox (33.0pt too wide) in paragraph at lines 4103--4103
[]\TU/lmtt/m/n/10 modelo                                                       
   208.6888[] 
 []


Overfull \hbox (33.0pt too wide) in paragraph at lines 4103--4103
[]\TU/lmtt/m/n/10 update(modelo, random = list(indiv = pdDiag(~poly(tiempo, 2))
)) 217.8098[] 
 []


Overfull \hbox (33.0pt too wide) in paragraph at lines 4103--4103
[]                                                                     \TU/lmtt
/m/n/10 BIC[] 
 []


Overfull \hbox (33.0pt too wide) in paragraph at lines 4103--4103
[]\TU/lmtt/m/n/10 modelo                                                       
   225.1504[] 
 []


Overfull \hbox (33.0pt too wide) in paragraph at lines 4103--4103
[]\TU/lmtt/m/n/10 update(modelo, random = list(indiv = pdDiag(~poly(tiempo, 2))
)) 229.7819[] 
 []


Overfull \hbox (43.5pt too wide) in paragraph at lines 4103--4103
[]                                                                    \TU/lmtt/
m/n/10 logLik[] 
 []


Overfull \hbox (43.5pt too wide) in paragraph at lines 4103--4103
[]\TU/lmtt/m/n/10 modelo                                                       
    -93.34439[] 
 []


Overfull \hbox (43.5pt too wide) in paragraph at lines 4103--4103
[]\TU/lmtt/m/n/10 update(modelo, random = list(indiv = pdDiag(~poly(tiempo, 2))
)) -100.90491[] 
 []


Overfull \hbox (22.5pt too wide) in paragraph at lines 4103--4103
[]                                                                  \TU/lmtt/m/
n/10 Test[] 
 []


Overfull \hbox (22.5pt too wide) in paragraph at lines 4103--4103
[]\TU/lmtt/m/n/10 update(modelo, random = list(indiv = pdDiag(~poly(tiempo, 2))
)) 1 vs 2[] 
 []


Overfull \hbox (33.0pt too wide) in paragraph at lines 4103--4103
[]                                                                 \TU/lmtt/m/n
/10 L.Ratio[] 
 []


Overfull \hbox (33.0pt too wide) in paragraph at lines 4103--4103
[]\TU/lmtt/m/n/10 update(modelo, random = list(indiv = pdDiag(~poly(tiempo, 2))
)) 15.12105[] 
 []


Overfull \hbox (27.75pt too wide) in paragraph at lines 4103--4103
[]                                                                \TU/lmtt/m/n/
10 p-value[] 
 []


Overfull \hbox (27.75pt too wide) in paragraph at lines 4103--4103
[]\TU/lmtt/m/n/10 update(modelo, random = list(indiv = pdDiag(~poly(tiempo, 2))
))  0.0017[] 
 []

[92] [93]
Overfull \hbox (6.75pt too wide) in paragraph at lines 4211--4211
[] \TU/lmtt/m/n/10 Structure: General positive-definite, Log-Cholesky parametri
zation[] 
 []

File: fig_out/unnamed-chunk-90-1.pdf Graphic file (type pdf)
<use fig_out/unnamed-chunk-90-1.pdf>

Underfull \vbox (badness 10000) has occurred while \output is active []

[94]
File: fig_out/unnamed-chunk-90-2.pdf Graphic file (type pdf)
<use fig_out/unnamed-chunk-90-2.pdf>
[95] [96]
File: fig_out/unnamed-chunk-96-1.pdf Graphic file (type pdf)
<use fig_out/unnamed-chunk-96-1.pdf>
[97]
Underfull \vbox (badness 3449) has occurred while \output is active []

[98] [99]
Overfull \hbox (6.75pt too wide) in paragraph at lines 4499--4499
[] \TU/lmtt/m/n/10 Structure: General positive-definite, Log-Cholesky parametri
zation[] 
 []

[100]
Overfull \hbox (22.5pt too wide) in paragraph at lines 4573--4573
[]                                                                 \TU/lmtt/m/n
/10 Model[] 
 []


Overfull \hbox (22.5pt too wide) in paragraph at lines 4573--4573
[]\TU/lmtt/m/n/10 modelo                                                       
        1[] 
 []

[101]
Overfull \hbox (22.5pt too wide) in paragraph at lines 4573--4573
[]\TU/lmtt/m/n/10 update(modelo, random = list(indiv2 = pdDiag(~poly(tiempo, 2)
)))     2[] 
 []


Overfull \hbox (6.75pt too wide) in paragraph at lines 4573--4573
[]                                                                 \TU/lmtt/m/n
/10 df[] 
 []


Overfull \hbox (6.75pt too wide) in paragraph at lines 4573--4573
[]\TU/lmtt/m/n/10 modelo                                                       
    14[] 
 []


Overfull \hbox (6.75pt too wide) in paragraph at lines 4573--4573
[]\TU/lmtt/m/n/10 update(modelo, random = list(indiv2 = pdDiag(~poly(tiempo, 2)
))) 11[] 
 []


Overfull \hbox (38.25pt too wide) in paragraph at lines 4573--4573
[]                                                                      \TU/lmt
t/m/n/10 AIC[] 
 []


Overfull \hbox (38.25pt too wide) in paragraph at lines 4573--4573
[]\TU/lmtt/m/n/10 modelo                                                       
    386.9140[] 
 []


Overfull \hbox (38.25pt too wide) in paragraph at lines 4573--4573
[]\TU/lmtt/m/n/10 update(modelo, random = list(indiv2 = pdDiag(~poly(tiempo, 2)
))) 397.1845[] 
 []


Overfull \hbox (38.25pt too wide) in paragraph at lines 4573--4573
[]                                                                      \TU/lmt
t/m/n/10 BIC[] 
 []


Overfull \hbox (38.25pt too wide) in paragraph at lines 4573--4573
[]\TU/lmtt/m/n/10 modelo                                                       
    417.5692[] 
 []


Overfull \hbox (38.25pt too wide) in paragraph at lines 4573--4573
[]\TU/lmtt/m/n/10 update(modelo, random = list(indiv2 = pdDiag(~poly(tiempo, 2)
))) 421.2707[] 
 []


Overfull \hbox (43.5pt too wide) in paragraph at lines 4573--4573
[]                                                                    \TU/lmtt/
m/n/10 logLik[] 
 []


Overfull \hbox (43.5pt too wide) in paragraph at lines 4573--4573
[]\TU/lmtt/m/n/10 modelo                                                       
    -179.4570[] 
 []


Overfull \hbox (43.5pt too wide) in paragraph at lines 4573--4573
[]\TU/lmtt/m/n/10 update(modelo, random = list(indiv2 = pdDiag(~poly(tiempo, 2)
))) -187.5922[] 
 []


Overfull \hbox (27.75pt too wide) in paragraph at lines 4573--4573
[]                                                                   \TU/lmtt/m
/n/10 Test[] 
 []


Overfull \hbox (27.75pt too wide) in paragraph at lines 4573--4573
[]\TU/lmtt/m/n/10 update(modelo, random = list(indiv2 = pdDiag(~poly(tiempo, 2)
))) 1 vs 2[] 
 []


Overfull \hbox (38.25pt too wide) in paragraph at lines 4573--4573
[]                                                                  \TU/lmtt/m/
n/10 L.Ratio[] 
 []


Overfull \hbox (38.25pt too wide) in paragraph at lines 4573--4573
[]\TU/lmtt/m/n/10 update(modelo, random = list(indiv2 = pdDiag(~poly(tiempo, 2)
))) 16.27047[] 
 []


Overfull \hbox (33.0pt too wide) in paragraph at lines 4573--4573
[]                                                                 \TU/lmtt/m/n
/10 p-value[] 
 []


Overfull \hbox (33.0pt too wide) in paragraph at lines 4573--4573
[]\TU/lmtt/m/n/10 update(modelo, random = list(indiv2 = pdDiag(~poly(tiempo, 2)
)))   0.001[] 
 []

[102] [103]
File: fig_out/unnamed-chunk-110-1.pdf Graphic file (type pdf)
<use fig_out/unnamed-chunk-110-1.pdf>

Underfull \vbox (badness 10000) has occurred while \output is active []

[104]
File: fig_out/unnamed-chunk-110-2.pdf Graphic file (type pdf)
<use fig_out/unnamed-chunk-110-2.pdf>
[105]
File: fig_out/unnamed-chunk-111-1.pdf Graphic file (type pdf)
<use fig_out/unnamed-chunk-111-1.pdf>
[106] [107]
File: fig_out/unnamed-chunk-117-1.pdf Graphic file (type pdf)
<use fig_out/unnamed-chunk-117-1.pdf>
[108]
Overfull \hbox (6.75pt too wide) in paragraph at lines 4934--4934
[] \TU/lmtt/m/n/10 Structure: General positive-definite, Log-Cholesky parametri
zation[] 
 []


Underfull \vbox (badness 10000) has occurred while \output is active []

[109] [110] [111] [112]
Underfull \vbox (badness 10000) has occurred while \output is active []

[113] [114]
Overfull \hbox (59.25pt too wide) in paragraph at lines 5261--5261
[]                                                                        \TU/l
mtt/m/n/10 Model[] 
 []


Overfull \hbox (59.25pt too wide) in paragraph at lines 5261--5261
[]\TU/lmtt/m/n/10 update(modelo, method = "ML")                                
               1[] 
 []


Overfull \hbox (59.25pt too wide) in paragraph at lines 5261--5261
[]\TU/lmtt/m/n/10 update(modelo, fixed = . ~ . - poly(tiempo, 3) + tiempo, meth
od = "ML")     2[] 
 []


Overfull \hbox (43.5pt too wide) in paragraph at lines 5261--5261
[]                                                                        \TU/l
mtt/m/n/10 df[] 
 []


Overfull \hbox (43.5pt too wide) in paragraph at lines 5261--5261
[]\TU/lmtt/m/n/10 update(modelo, method = "ML")                                
            8[] 
 []


Overfull \hbox (43.5pt too wide) in paragraph at lines 5261--5261
[]\TU/lmtt/m/n/10 update(modelo, fixed = . ~ . - poly(tiempo, 3) + tiempo, meth
od = "ML")  6[] 
 []


Overfull \hbox (75.0pt too wide) in paragraph at lines 5261--5261
[]                                                                             
\TU/lmtt/m/n/10 AIC[] 
 []


Overfull \hbox (75.0pt too wide) in paragraph at lines 5261--5261
[]\TU/lmtt/m/n/10 update(modelo, method = "ML")                                
           662.6555[] 
 []


Overfull \hbox (75.0pt too wide) in paragraph at lines 5261--5261
[]\TU/lmtt/m/n/10 update(modelo, fixed = . ~ . - poly(tiempo, 3) + tiempo, meth
od = "ML") 663.4848[] 
 []


Overfull \hbox (75.0pt too wide) in paragraph at lines 5261--5261
[]                                                                             
\TU/lmtt/m/n/10 BIC[] 
 []


Overfull \hbox (75.0pt too wide) in paragraph at lines 5261--5261
[]\TU/lmtt/m/n/10 update(modelo, method = "ML")                                
           687.6473[] 
 []


Overfull \hbox (75.0pt too wide) in paragraph at lines 5261--5261
[]\TU/lmtt/m/n/10 update(modelo, fixed = . ~ . - poly(tiempo, 3) + tiempo, meth
od = "ML") 682.2286[] 
 []


Overfull \hbox (80.25pt too wide) in paragraph at lines 5261--5261
[]                                                                           \T
U/lmtt/m/n/10 logLik[] 
 []


Overfull \hbox (80.25pt too wide) in paragraph at lines 5261--5261
[]\TU/lmtt/m/n/10 update(modelo, method = "ML")                                
           -323.3278[] 
 []


Overfull \hbox (80.25pt too wide) in paragraph at lines 5261--5261
[]\TU/lmtt/m/n/10 update(modelo, fixed = . ~ . - poly(tiempo, 3) + tiempo, meth
od = "ML") -325.7424[] 
 []

[115]
Overfull \hbox (64.5pt too wide) in paragraph at lines 5261--5261
[]                                                                          \TU
/lmtt/m/n/10 Test[] 
 []


Overfull \hbox (64.5pt too wide) in paragraph at lines 5261--5261
[]\TU/lmtt/m/n/10 update(modelo, fixed = . ~ . - poly(tiempo, 3) + tiempo, meth
od = "ML") 1 vs 2[] 
 []


Overfull \hbox (69.75pt too wide) in paragraph at lines 5261--5261
[]                                                                        \TU/l
mtt/m/n/10 L.Ratio[] 
 []


Overfull \hbox (69.75pt too wide) in paragraph at lines 5261--5261
[]\TU/lmtt/m/n/10 update(modelo, fixed = . ~ . - poly(tiempo, 3) + tiempo, meth
od = "ML") 4.82924[] 
 []


Overfull \hbox (69.75pt too wide) in paragraph at lines 5261--5261
[]                                                                        \TU/l
mtt/m/n/10 p-value[] 
 []


Overfull \hbox (69.75pt too wide) in paragraph at lines 5261--5261
[]\TU/lmtt/m/n/10 update(modelo, fixed = . ~ . - poly(tiempo, 3) + tiempo, meth
od = "ML")  0.0894[] 
 []

[116]
File: fig_out/unnamed-chunk-129-1.pdf Graphic file (type pdf)
<use fig_out/unnamed-chunk-129-1.pdf>
File: fig_out/unnamed-chunk-129-2.pdf Graphic file (type pdf)
<use fig_out/unnamed-chunk-129-2.pdf>

Underfull \vbox (badness 1648) has occurred while \output is active []

[117]
File: fig_out/unnamed-chunk-130-1.pdf Graphic file (type pdf)
<use fig_out/unnamed-chunk-130-1.pdf>
[118]
File: fig_out/unnamed-chunk-130-2.pdf Graphic file (type pdf)
<use fig_out/unnamed-chunk-130-2.pdf>

Underfull \vbox (badness 1062) has occurred while \output is active []

[119]
File: fig_out/unnamed-chunk-131-1.pdf Graphic file (type pdf)
<use fig_out/unnamed-chunk-131-1.pdf>
File: fig_out/unnamed-chunk-131-2.pdf Graphic file (type pdf)
<use fig_out/unnamed-chunk-131-2.pdf>

Underfull \vbox (badness 10000) has occurred while \output is active []

[120]
File: fig_out/unnamed-chunk-132-1.pdf Graphic file (type pdf)
<use fig_out/unnamed-chunk-132-1.pdf>
[121]
Overfull \hbox (6.75pt too wide) in paragraph at lines 5583--5583
[] \TU/lmtt/m/n/10 Structure: General positive-definite, Log-Cholesky parametri
zation[] 
 []


Overfull \hbox (148.5pt too wide) in paragraph at lines 5583--5583
[]\TU/lmtt/m/n/10 Fixed effects:  respuesta ~ poly(tiempo, 3, raw = 3) + tx:pol
y(tiempo, 3, raw = 3) +      edad[] 
 []


Underfull \vbox (badness 10000) has occurred while \output is active []

[122] [123] [124] [125] [126] [127]
File: fig_out/unnamed-chunk-142-1.pdf Graphic file (type pdf)
<use fig_out/unnamed-chunk-142-1.pdf>
File: fig_out/unnamed-chunk-142-2.pdf Graphic file (type pdf)
<use fig_out/unnamed-chunk-142-2.pdf>

Underfull \vbox (badness 10000) has occurred while \output is active []

[128]
File: fig_out/unnamed-chunk-142-3.pdf Graphic file (type pdf)
<use fig_out/unnamed-chunk-142-3.pdf>

Underfull \vbox (badness 10000) has occurred while \output is active []

[129]
File: fig_out/unnamed-chunk-142-4.pdf Graphic file (type pdf)
<use fig_out/unnamed-chunk-142-4.pdf>

Underfull \vbox (badness 1137) has occurred while \output is active []

[130]
File: fig_out/unnamed-chunk-143-1.pdf Graphic file (type pdf)
<use fig_out/unnamed-chunk-143-1.pdf>

Underfull \vbox (badness 10000) has occurred while \output is active []

[131] [132] [133] [134

]
Chapter 7.
File: fig_out/unnamed-chunk-145-1.pdf Graphic file (type pdf)
<use fig_out/unnamed-chunk-145-1.pdf>
[135]
File: fig_out/unnamed-chunk-146-1.pdf Graphic file (type pdf)
<use fig_out/unnamed-chunk-146-1.pdf>

Overfull \hbox (43.19452pt too wide) has occurred while \output is active
\TU/lmr/m/n/10 136 \TU/lmr/m/sl/10 CHAPTER 7.  ANÁLISIS DE SUPERVIVENCIA CON DA
TOS LONGITUDINALES
 []

[136] [137]
Overfull \hbox (43.19452pt too wide) has occurred while \output is active
\TU/lmr/m/n/10 138 \TU/lmr/m/sl/10 CHAPTER 7.  ANÁLISIS DE SUPERVIVENCIA CON DA
TOS LONGITUDINALES
 []

[138]
Overfull \hbox (48.75pt too wide) in paragraph at lines 6131--6131
[]\TU/lmtt/m/n/10 Call: survfit(formula = Surv(toevent, event == "Yes") ~ 1, da
ta = predimed)[] 
 []

[139]
File: fig_out/unnamed-chunk-153-1.pdf Graphic file (type pdf)
<use fig_out/unnamed-chunk-153-1.pdf>
File: fig_out/unnamed-chunk-154-1.pdf Graphic file (type pdf)
<use fig_out/unnamed-chunk-154-1.pdf>

Underfull \vbox (badness 10000) has occurred while \output is active []


Overfull \hbox (43.19452pt too wide) has occurred while \output is active
\TU/lmr/m/n/10 140 \TU/lmr/m/sl/10 CHAPTER 7.  ANÁLISIS DE SUPERVIVENCIA CON DA
TOS LONGITUDINALES
 []

[140]
Overfull \hbox (43.5pt too wide) in paragraph at lines 6183--6183
[]\TU/lmtt/m/n/10 survdiff(formula = Surv(toevent, event == "Yes") ~ group, dat
a = predimed)[] 
 []

[141]
Overfull \hbox (43.5pt too wide) in paragraph at lines 6210--6210
[]\TU/lmtt/m/n/10 survdiff(formula = Surv(toevent, event == "Yes") ~ group, dat
a = predimed,[] 
 []

File: fig_out/plotkm2-1.pdf Graphic file (type pdf)
<use fig_out/plotkm2-1.pdf>

Underfull \vbox (badness 10000) has occurred while \output is active []


Overfull \hbox (43.19452pt too wide) has occurred while \output is active
\TU/lmr/m/n/10 142 \TU/lmr/m/sl/10 CHAPTER 7.  ANÁLISIS DE SUPERVIVENCIA CON DA
TOS LONGITUDINALES
 []

[142]
Overfull \hbox (20.62341pt too wide) has occurred while \output is active
\TU/lmr/m/sl/10 7.3.  FUNCIONES INVOLUCRADAS EN EL ANÁLISIS DE SUPERVIVENCIA \T
U/lmr/m/n/10 143
 []

[143]
File: fig_out/unnamed-chunk-157-1.pdf Graphic file (type pdf)
<use fig_out/unnamed-chunk-157-1.pdf>

Overfull \hbox (43.19452pt too wide) has occurred while \output is active
\TU/lmr/m/n/10 144 \TU/lmr/m/sl/10 CHAPTER 7.  ANÁLISIS DE SUPERVIVENCIA CON DA
TOS LONGITUDINALES
 []

[144] [145]
Overfull \hbox (6.75pt too wide) in paragraph at lines 6392--6392
[]\TU/lmtt/m/n/10 coxph(formula = Surv(toevent, event == "Yes") ~ age + strata(
sex) +[] 
 []


Overfull \hbox (43.19452pt too wide) has occurred while \output is active
\TU/lmr/m/n/10 146 \TU/lmr/m/sl/10 CHAPTER 7.  ANÁLISIS DE SUPERVIVENCIA CON DA
TOS LONGITUDINALES
 []

[146]
File: fig_out/unnamed-chunk-161-1.pdf Graphic file (type pdf)
<use fig_out/unnamed-chunk-161-1.pdf>

Underfull \vbox (badness 10000) has occurred while \output is active []

[147]
Underfull \hbox (badness 3354) in paragraph at lines 6419--6419
[]\TU/lmr/bx/n/12 Variables tiempo-dependientes (datos longitudi-
 []


Underfull \hbox (badness 1655) in paragraph at lines 6421--6422
\TU/lmr/m/n/10 Los modelos con variables tiempo-dependientes se tienen cuando e
n el
 []


Overfull \hbox (43.19452pt too wide) has occurred while \output is active
\TU/lmr/m/n/10 148 \TU/lmr/m/sl/10 CHAPTER 7.  ANÁLISIS DE SUPERVIVENCIA CON DA
TOS LONGITUDINALES
 []

[148] [149]
Overfull \hbox (43.19452pt too wide) has occurred while \output is active
\TU/lmr/m/n/10 150 \TU/lmr/m/sl/10 CHAPTER 7.  ANÁLISIS DE SUPERVIVENCIA CON DA
TOS LONGITUDINALES
 []

[150] [151]
Overfull \hbox (38.25pt too wide) in paragraph at lines 6623--6623
[]\TU/lmtt/m/n/10 coxph(formula = Surv(Time, death) ~ CD4 + drug + gender, data
 = aids1obs)[] 
 []


Overfull \hbox (43.19452pt too wide) has occurred while \output is active
\TU/lmr/m/n/10 152 \TU/lmr/m/sl/10 CHAPTER 7.  ANÁLISIS DE SUPERVIVENCIA CON DA
TOS LONGITUDINALES
 []

[152] [153]
File: fig_out/unnamed-chunk-168-1.pdf Graphic file (type pdf)
<use fig_out/unnamed-chunk-168-1.pdf>

Overfull \hbox (43.19452pt too wide) has occurred while \output is active
\TU/lmr/m/n/10 154 \TU/lmr/m/sl/10 CHAPTER 7.  ANÁLISIS DE SUPERVIVENCIA CON DA
TOS LONGITUDINALES
 []

[154]
Chapter 8.

Underfull \vbox (badness 10000) has occurred while \output is active []

[155

]
Overfull \hbox (125.15123pt too wide) has occurred while \output is active
\TU/lmr/m/n/10 156 \TU/lmr/m/sl/10 CHAPTER 8.  JOINT MODELS PARA DATOS LONGITUD
INALES Y DATOS DE SUPERVIVENCIA
 []

[156] [157]
File: fig_out/unnamed-chunk-170-1.pdf Graphic file (type pdf)
<use fig_out/unnamed-chunk-170-1.pdf>
File: fig_out/unnamed-chunk-171-1.pdf Graphic file (type pdf)
<use fig_out/unnamed-chunk-171-1.pdf>

Underfull \vbox (badness 10000) has occurred while \output is active []


Overfull \hbox (125.15123pt too wide) has occurred while \output is active
\TU/lmr/m/n/10 158 \TU/lmr/m/sl/10 CHAPTER 8.  JOINT MODELS PARA DATOS LONGITUD
INALES Y DATOS DE SUPERVIVENCIA
 []

[158]
Overfull \hbox (38.25pt too wide) in paragraph at lines 6837--6837
[]\TU/lmtt/m/n/10 jointModel(lmeObject = fitLME, survObject = fitSURV, timeVar 
= "obstime",[] 
 []

[159]
Overfull \hbox (125.15123pt too wide) has occurred while \output is active
\TU/lmr/m/n/10 160 \TU/lmr/m/sl/10 CHAPTER 8.  JOINT MODELS PARA DATOS LONGITUD
INALES Y DATOS DE SUPERVIVENCIA
 []

[160]
Overfull \hbox (1.38202pt too wide) in paragraph at lines 6842--6843
[]\TU/lmr/m/n/10 Además, el argumento principal \TU/lmtt/m/n/10 timeVar \TU/lmr
/m/n/10 de la función \TU/lmtt/m/n/10 jointModel()
 []

[161]
File: fig_out/unnamed-chunk-175-1.pdf Graphic file (type pdf)
<use fig_out/unnamed-chunk-175-1.pdf>

Package natbib Warning: There were undefined citations.

Package atveryend Info: Empty hook `BeforeClearDocument' on input line 6911.

Overfull \hbox (125.15123pt too wide) has occurred while \output is active
\TU/lmr/m/n/10 162 \TU/lmr/m/sl/10 CHAPTER 8.  JOINT MODELS PARA DATOS LONGITUD
INALES Y DATOS DE SUPERVIVENCIA
 []

[162]
Package atveryend Info: Empty hook `AfterLastShipout' on input line 6911.
(cursoLongitudinal-bookdown.aux)
Package atveryend Info: Empty hook `AtVeryEndDocument' on input line 6911.
Package atveryend Info: Empty hook `AtEndAfterFileList' on input line 6911.
 ) 
Here is how much of TeX's memory you used:
 20058 strings out of 414480
 355266 string characters out of 2901049
 805503 words of memory out of 3000000
 36974 multiletter control sequences out of 15000+200000
 541603 words of font info for 90 fonts, out of 3000000 for 9000
 1348 hyphenation exceptions out of 8191
 58i,13n,118p,1267b,471s stack positions out of 5000i,500n,10000p,200000b,50000s

Output written on cursoLongitudinal-bookdown.pdf (162 pages).
